{
  "RSpec": {
    "coverage": {
      "/Users/t_schafer/turing/2module/projects/mini_shop/config/environment.rb": [
        null,
        1,
        null,
        null,
        1
      ],
      "/Users/t_schafer/turing/2module/projects/mini_shop/config/application.rb": [
        1,
        null,
        1,
        null,
        1,
        1,
        1,
        1,
        1,
        1,
        1,
        1,
        null,
        null,
        null,
        null,
        1,
        null,
        1,
        1,
        null,
        1,
        null,
        null,
        null,
        null,
        null,
        null,
        1,
        null,
        null
      ],
      "/Users/t_schafer/turing/2module/projects/mini_shop/config/boot.rb": [
        1,
        null,
        1
      ],
      "/Users/t_schafer/turing/2module/projects/mini_shop/config/environments/test.rb": [
        1,
        null,
        null,
        null,
        null,
        null,
        null,
        1,
        null,
        null,
        null,
        null,
        1,
        null,
        null,
        1,
        1,
        null,
        null,
        null,
        null,
        1,
        1,
        null,
        null,
        1,
        null,
        null,
        1,
        1,
        null,
        null,
        null,
        null,
        1,
        null,
        null,
        1,
        null,
        null,
        null,
        null
      ],
      "/Users/t_schafer/turing/2module/projects/mini_shop/config/initializers/application_controller_renderer.rb": [
        null,
        null,
        null,
        null,
        null,
        null,
        null,
        null
      ],
      "/Users/t_schafer/turing/2module/projects/mini_shop/config/initializers/assets.rb": [
        null,
        null,
        null,
        1,
        null,
        null,
        null,
        null,
        1,
        null,
        null,
        null,
        null,
        null
      ],
      "/Users/t_schafer/turing/2module/projects/mini_shop/config/initializers/backtrace_silencers.rb": [
        null,
        null,
        null,
        null,
        null,
        null,
        null
      ],
      "/Users/t_schafer/turing/2module/projects/mini_shop/config/initializers/cookies_serializer.rb": [
        null,
        null,
        null,
        null,
        1
      ],
      "/Users/t_schafer/turing/2module/projects/mini_shop/config/initializers/filter_parameter_logging.rb": [
        null,
        null,
        null,
        1
      ],
      "/Users/t_schafer/turing/2module/projects/mini_shop/config/initializers/inflections.rb": [
        null,
        null,
        null,
        null,
        null,
        null,
        null,
        null,
        null,
        null,
        null,
        null,
        null,
        null,
        null,
        null
      ],
      "/Users/t_schafer/turing/2module/projects/mini_shop/config/initializers/mime_types.rb": [
        null,
        null,
        null,
        null
      ],
      "/Users/t_schafer/turing/2module/projects/mini_shop/config/initializers/wrap_parameters.rb": [
        null,
        null,
        null,
        null,
        null,
        null,
        1,
        2,
        null,
        null,
        null,
        null,
        null,
        null
      ],
      "/Users/t_schafer/turing/2module/projects/mini_shop/config/routes.rb": [
        1,
        1,
        1,
        null
      ],
      "/Users/t_schafer/turing/2module/projects/mini_shop/app/helpers/application_helper.rb": [
        1,
        null
      ],
      "/Users/t_schafer/turing/2module/projects/mini_shop/spec/features/merchants/new_spec.rb": [
        null,
        null,
        null,
        null,
        null,
        null,
        null,
        null,
        null,
        null,
        null,
        null,
        null,
        null,
        null,
        1,
        null,
        1,
        1,
        1,
        1,
        null,
        null,
        null,
        null,
        null,
        null,
        null,
        1,
        null,
        1,
        null,
        0,
        null,
        0,
        0,
        0,
        0,
        0,
        0,
        null,
        0,
        0,
        0,
        0,
        0,
        0,
        null,
        null,
        null
      ],
      "/Users/t_schafer/turing/2module/projects/mini_shop/spec/features/merchants/show_spec.rb": [
        1,
        null,
        1,
        1,
        null,
        1,
        null,
        null,
        null,
        null,
        null,
        null,
        1,
        null,
        null,
        null,
        null,
        null,
        null,
        null,
        null,
        1,
        1,
        null,
        1,
        1,
        1,
        1,
        1,
        1,
        null,
        1,
        null,
        1,
        1,
        1,
        1,
        1,
        1,
        null,
        null
      ],
      "/Users/t_schafer/turing/2module/projects/mini_shop/app/models/concerns/merchant.rb": [
        1,
        null,
        null
      ],
      "/Users/t_schafer/turing/2module/projects/mini_shop/app/models/application_record.rb": [
        1,
        1,
        null
      ],
      "/Users/t_schafer/turing/2module/projects/mini_shop/app/controllers/merchants_controller.rb": [
        1,
        null,
        1,
        2,
        null,
        null,
        1,
        2,
        null,
        null,
        null
      ],
      "/Users/t_schafer/turing/2module/projects/mini_shop/app/controllers/application_controller.rb": [
        1,
        1,
        null
      ]
    },
    "timestamp": 1565844245
  }
}
